
*** Running vivado
    with args -log design_1_wrapper.vds -m64 -product Vivado -mode batch -messageDb vivado.pb -notrace -source design_1_wrapper.tcl


****** Vivado v2022.1 (64-bit)
  **** SW Build 3526262 on Mon Apr 18 15:47:01 MDT 2022
  **** IP Build 3524634 on Mon Apr 18 20:55:01 MDT 2022
    ** Copyright 1986-2022 Xilinx, Inc. All Rights Reserved.

source design_1_wrapper.tcl -notrace
create_project: Time (s): cpu = 00:00:10 ; elapsed = 00:00:11 . Memory (MB): peak = 3106.051 ; gain = 2.016 ; free physical = 5261 ; free virtual = 23178
INFO: [IP_Flow 19-234] Refreshing IP repositories
INFO: [IP_Flow 19-1700] Loaded user IP repository '/home/cameronbarrett/ip_repo/myspi_1.0'.
INFO: [IP_Flow 19-2313] Loaded Vivado IP repository '/ece/Xilinx/Vivado/2022.1/data/ip'.
Command: read_checkpoint -auto_incremental -incremental /home/cameronbarrett/lab4_retry/lab4_retry.srcs/utils_1/imports/synth_1/design_1_wrapper.dcp
INFO: [Vivado 12-5825] Read reference checkpoint from /home/cameronbarrett/lab4_retry/lab4_retry.srcs/utils_1/imports/synth_1/design_1_wrapper.dcp for incremental synthesis
INFO: [Vivado 12-7989] Please ensure there are no constraint changes
Command: synth_design -top design_1_wrapper -part xc7a100tcsg324-1
Starting synth_design
Attempting to get a license for feature 'Synthesis' and/or device 'xc7a100t'
INFO: [Common 17-349] Got license for feature 'Synthesis' and/or device 'xc7a100t'
INFO: [Device 21-403] Loading part xc7a100tcsg324-1
INFO: [Designutils 20-5440] No compile time benefit to using incremental synthesis; A full resynthesis will be run
INFO: [Designutils 20-4379] Flow is switching to default flow due to incremental criteria not met. If you would like to alter this behaviour and have the flow terminate instead, please set the following parameter config_implementation {autoIncr.Synth.RejectBehavior Terminate}
INFO: [Synth 8-7079] Multithreading enabled for synth_design using a maximum of 4 processes.
INFO: [Synth 8-7078] Launching helper process for spawning children vivado processes
INFO: [Synth 8-7075] Helper process launched with PID 3330476
---------------------------------------------------------------------------------
Starting RTL Elaboration : Time (s): cpu = 00:00:04 ; elapsed = 00:00:05 . Memory (MB): peak = 3110.223 ; gain = 0.000 ; free physical = 3321 ; free virtual = 21238
---------------------------------------------------------------------------------
INFO: [Synth 8-6157] synthesizing module 'design_1_wrapper' [/home/cameronbarrett/lab4_retry/lab4_retry.srcs/sources_1/imports/hdl/design_1_wrapper.v:12]
WARNING: [Synth 8-4446] all outputs are unconnected for this instance and logic may be removed [/home/cameronbarrett/lab4_retry/lab4_retry.srcs/sources_1/imports/hdl/design_1_wrapper.v:21]
INFO: [Synth 8-6157] synthesizing module 'design_1' [/home/cameronbarrett/lab4_retry/lab4_retry.gen/sources_1/bd/design_1/synth/design_1.v:12]
INFO: [Synth 8-6157] synthesizing module 'design_1_clk_wiz_1' [/home/cameronbarrett/lab4_retry/lab4_retry.runs/synth_1/.Xil/Vivado-3329889-xilinxlab08/realtime/design_1_clk_wiz_1_stub.v:5]
INFO: [Synth 8-6155] done synthesizing module 'design_1_clk_wiz_1' (0#1) [/home/cameronbarrett/lab4_retry/lab4_retry.runs/synth_1/.Xil/Vivado-3329889-xilinxlab08/realtime/design_1_clk_wiz_1_stub.v:5]
WARNING: [Synth 8-4446] all outputs are unconnected for this instance and logic may be removed [/home/cameronbarrett/lab4_retry/lab4_retry.gen/sources_1/bd/design_1/synth/design_1.v:53]
INFO: [Synth 8-6157] synthesizing module 'design_1_ila_0_0' [/home/cameronbarrett/lab4_retry/lab4_retry.runs/synth_1/.Xil/Vivado-3329889-xilinxlab08/realtime/design_1_ila_0_0_stub.v:5]
INFO: [Synth 8-6155] done synthesizing module 'design_1_ila_0_0' (0#1) [/home/cameronbarrett/lab4_retry/lab4_retry.runs/synth_1/.Xil/Vivado-3329889-xilinxlab08/realtime/design_1_ila_0_0_stub.v:5]
INFO: [Synth 8-6157] synthesizing module 'design_1_jtag_axi_0_1' [/home/cameronbarrett/lab4_retry/lab4_retry.runs/synth_1/.Xil/Vivado-3329889-xilinxlab08/realtime/design_1_jtag_axi_0_1_stub.v:5]
INFO: [Synth 8-6155] done synthesizing module 'design_1_jtag_axi_0_1' (0#1) [/home/cameronbarrett/lab4_retry/lab4_retry.runs/synth_1/.Xil/Vivado-3329889-xilinxlab08/realtime/design_1_jtag_axi_0_1_stub.v:5]
INFO: [Synth 8-6157] synthesizing module 'design_1_myspi_0_1' [/home/cameronbarrett/lab4_retry/lab4_retry.runs/synth_1/.Xil/Vivado-3329889-xilinxlab08/realtime/design_1_myspi_0_1_stub.v:5]
INFO: [Synth 8-6155] done synthesizing module 'design_1_myspi_0_1' (0#1) [/home/cameronbarrett/lab4_retry/lab4_retry.runs/synth_1/.Xil/Vivado-3329889-xilinxlab08/realtime/design_1_myspi_0_1_stub.v:5]
INFO: [Synth 8-6157] synthesizing module 'design_1_reset_inv_0_1' [/home/cameronbarrett/lab4_retry/lab4_retry.runs/synth_1/.Xil/Vivado-3329889-xilinxlab08/realtime/design_1_reset_inv_0_1_stub.v:5]
INFO: [Synth 8-6155] done synthesizing module 'design_1_reset_inv_0_1' (0#1) [/home/cameronbarrett/lab4_retry/lab4_retry.runs/synth_1/.Xil/Vivado-3329889-xilinxlab08/realtime/design_1_reset_inv_0_1_stub.v:5]
INFO: [Synth 8-6157] synthesizing module 'design_1_rst_clk_wiz_100M_1' [/home/cameronbarrett/lab4_retry/lab4_retry.runs/synth_1/.Xil/Vivado-3329889-xilinxlab08/realtime/design_1_rst_clk_wiz_100M_1_stub.v:5]
INFO: [Synth 8-6155] done synthesizing module 'design_1_rst_clk_wiz_100M_1' (0#1) [/home/cameronbarrett/lab4_retry/lab4_retry.runs/synth_1/.Xil/Vivado-3329889-xilinxlab08/realtime/design_1_rst_clk_wiz_100M_1_stub.v:5]
WARNING: [Synth 8-7071] port 'mb_reset' of module 'design_1_rst_clk_wiz_100M_1' is unconnected for instance 'rst_clk_wiz_100M' [/home/cameronbarrett/lab4_retry/lab4_retry.gen/sources_1/bd/design_1/synth/design_1.v:104]
WARNING: [Synth 8-7071] port 'bus_struct_reset' of module 'design_1_rst_clk_wiz_100M_1' is unconnected for instance 'rst_clk_wiz_100M' [/home/cameronbarrett/lab4_retry/lab4_retry.gen/sources_1/bd/design_1/synth/design_1.v:104]
WARNING: [Synth 8-7071] port 'peripheral_reset' of module 'design_1_rst_clk_wiz_100M_1' is unconnected for instance 'rst_clk_wiz_100M' [/home/cameronbarrett/lab4_retry/lab4_retry.gen/sources_1/bd/design_1/synth/design_1.v:104]
WARNING: [Synth 8-7071] port 'interconnect_aresetn' of module 'design_1_rst_clk_wiz_100M_1' is unconnected for instance 'rst_clk_wiz_100M' [/home/cameronbarrett/lab4_retry/lab4_retry.gen/sources_1/bd/design_1/synth/design_1.v:104]
WARNING: [Synth 8-7023] instance 'rst_clk_wiz_100M' of module 'design_1_rst_clk_wiz_100M_1' has 10 connections declared, but only 6 given [/home/cameronbarrett/lab4_retry/lab4_retry.gen/sources_1/bd/design_1/synth/design_1.v:104]
INFO: [Synth 8-6155] done synthesizing module 'design_1' (0#1) [/home/cameronbarrett/lab4_retry/lab4_retry.gen/sources_1/bd/design_1/synth/design_1.v:12]
INFO: [Synth 8-6155] done synthesizing module 'design_1_wrapper' (0#1) [/home/cameronbarrett/lab4_retry/lab4_retry.srcs/sources_1/imports/hdl/design_1_wrapper.v:12]
INFO: [Synth 8-6071] Mark debug on the nets applies keep_hierarchy on instance 'myspi_0'. This will prevent further optimization [/home/cameronbarrett/lab4_retry/lab4_retry.gen/sources_1/bd/design_1/synth/design_1.v:78]
INFO: [Synth 8-6071] Mark debug on the nets applies keep_hierarchy on instance 'ila_0'. This will prevent further optimization [/home/cameronbarrett/lab4_retry/lab4_retry.gen/sources_1/bd/design_1/synth/design_1.v:53]
---------------------------------------------------------------------------------
Finished RTL Elaboration : Time (s): cpu = 00:00:05 ; elapsed = 00:00:06 . Memory (MB): peak = 3110.223 ; gain = 0.000 ; free physical = 4382 ; free virtual = 22299
---------------------------------------------------------------------------------
---------------------------------------------------------------------------------
Start Handling Custom Attributes
---------------------------------------------------------------------------------
---------------------------------------------------------------------------------
Finished Handling Custom Attributes : Time (s): cpu = 00:00:05 ; elapsed = 00:00:06 . Memory (MB): peak = 3110.223 ; gain = 0.000 ; free physical = 4381 ; free virtual = 22298
---------------------------------------------------------------------------------
---------------------------------------------------------------------------------
Finished RTL Optimization Phase 1 : Time (s): cpu = 00:00:05 ; elapsed = 00:00:06 . Memory (MB): peak = 3110.223 ; gain = 0.000 ; free physical = 4381 ; free virtual = 22298
---------------------------------------------------------------------------------
Netlist sorting complete. Time (s): cpu = 00:00:00 ; elapsed = 00:00:00 . Memory (MB): peak = 3110.223 ; gain = 0.000 ; free physical = 4376 ; free virtual = 22293
INFO: [Project 1-570] Preparing netlist for logic optimization

Processing XDC Constraints
Initializing timing engine
Parsing XDC File [/home/cameronbarrett/lab4_retry/lab4_retry.gen/sources_1/bd/design_1/ip/design_1_jtag_axi_0_1/design_1_jtag_axi_0_1/design_1_jtag_axi_0_1_in_context.xdc] for cell 'design_1_i/jtag_axi_0'
Finished Parsing XDC File [/home/cameronbarrett/lab4_retry/lab4_retry.gen/sources_1/bd/design_1/ip/design_1_jtag_axi_0_1/design_1_jtag_axi_0_1/design_1_jtag_axi_0_1_in_context.xdc] for cell 'design_1_i/jtag_axi_0'
Parsing XDC File [/home/cameronbarrett/lab4_retry/lab4_retry.gen/sources_1/bd/design_1/ip/design_1_ila_0_0/design_1_ila_0_0/design_1_ila_0_0_in_context.xdc] for cell 'design_1_i/ila_0'
Finished Parsing XDC File [/home/cameronbarrett/lab4_retry/lab4_retry.gen/sources_1/bd/design_1/ip/design_1_ila_0_0/design_1_ila_0_0/design_1_ila_0_0_in_context.xdc] for cell 'design_1_i/ila_0'
Parsing XDC File [/home/cameronbarrett/lab4_retry/lab4_retry.gen/sources_1/bd/design_1/ip/design_1_clk_wiz_1/design_1_clk_wiz_1/design_1_clk_wiz_1_in_context.xdc] for cell 'design_1_i/clk_wiz'
Finished Parsing XDC File [/home/cameronbarrett/lab4_retry/lab4_retry.gen/sources_1/bd/design_1/ip/design_1_clk_wiz_1/design_1_clk_wiz_1/design_1_clk_wiz_1_in_context.xdc] for cell 'design_1_i/clk_wiz'
Parsing XDC File [/home/cameronbarrett/lab4_retry/lab4_retry.gen/sources_1/bd/design_1/ip/design_1_rst_clk_wiz_100M_1/design_1_rst_clk_wiz_100M_1/design_1_rst_clk_wiz_100M_1_in_context.xdc] for cell 'design_1_i/rst_clk_wiz_100M'
Finished Parsing XDC File [/home/cameronbarrett/lab4_retry/lab4_retry.gen/sources_1/bd/design_1/ip/design_1_rst_clk_wiz_100M_1/design_1_rst_clk_wiz_100M_1/design_1_rst_clk_wiz_100M_1_in_context.xdc] for cell 'design_1_i/rst_clk_wiz_100M'
Parsing XDC File [/home/cameronbarrett/lab4_retry/lab4_retry.gen/sources_1/bd/design_1/ip/design_1_reset_inv_0_1/design_1_reset_inv_0_1/design_1_reset_inv_0_1_in_context.xdc] for cell 'design_1_i/reset_inv_0'
Finished Parsing XDC File [/home/cameronbarrett/lab4_retry/lab4_retry.gen/sources_1/bd/design_1/ip/design_1_reset_inv_0_1/design_1_reset_inv_0_1/design_1_reset_inv_0_1_in_context.xdc] for cell 'design_1_i/reset_inv_0'
Parsing XDC File [/home/cameronbarrett/lab4_retry/lab4_retry.gen/sources_1/bd/design_1/ip/design_1_myspi_0_1/design_1_myspi_0_1/design_1_myspi_0_1_in_context.xdc] for cell 'design_1_i/myspi_0'
Finished Parsing XDC File [/home/cameronbarrett/lab4_retry/lab4_retry.gen/sources_1/bd/design_1/ip/design_1_myspi_0_1/design_1_myspi_0_1/design_1_myspi_0_1_in_context.xdc] for cell 'design_1_i/myspi_0'
Parsing XDC File [/home/cameronbarrett/lab4_retry/lab4_retry.runs/synth_1/dont_touch.xdc]
Finished Parsing XDC File [/home/cameronbarrett/lab4_retry/lab4_retry.runs/synth_1/dont_touch.xdc]
Completed Processing XDC Constraints

Netlist sorting complete. Time (s): cpu = 00:00:00 ; elapsed = 00:00:00 . Memory (MB): peak = 3148.125 ; gain = 0.000 ; free physical = 4290 ; free virtual = 22207
INFO: [Project 1-111] Unisim Transformation Summary:
No Unisim elements were transformed.

Constraint Validation Runtime : Time (s): cpu = 00:00:00 ; elapsed = 00:00:00.01 . Memory (MB): peak = 3148.125 ; gain = 0.000 ; free physical = 4290 ; free virtual = 22207
INFO: [Designutils 20-5440] No compile time benefit to using incremental synthesis; A full resynthesis will be run
INFO: [Designutils 20-4379] Flow is switching to default flow due to incremental criteria not met. If you would like to alter this behaviour and have the flow terminate instead, please set the following parameter config_implementation {autoIncr.Synth.RejectBehavior Terminate}
---------------------------------------------------------------------------------
Finished Constraint Validation : Time (s): cpu = 00:00:12 ; elapsed = 00:00:13 . Memory (MB): peak = 3148.125 ; gain = 37.902 ; free physical = 4359 ; free virtual = 22276
---------------------------------------------------------------------------------
---------------------------------------------------------------------------------
Start Loading Part and Timing Information
---------------------------------------------------------------------------------
Loading part: xc7a100tcsg324-1
---------------------------------------------------------------------------------
Finished Loading Part and Timing Information : Time (s): cpu = 00:00:12 ; elapsed = 00:00:13 . Memory (MB): peak = 3148.125 ; gain = 37.902 ; free physical = 4359 ; free virtual = 22276
---------------------------------------------------------------------------------
---------------------------------------------------------------------------------
Start Applying 'set_property' XDC Constraints
---------------------------------------------------------------------------------
Applied set_property IO_BUFFER_TYPE = NONE for sys_clock. (constraint file  /home/cameronbarrett/lab4_retry/lab4_retry.gen/sources_1/bd/design_1/ip/design_1_clk_wiz_1/design_1_clk_wiz_1/design_1_clk_wiz_1_in_context.xdc, line 3).
Applied set_property CLOCK_BUFFER_TYPE = NONE for sys_clock. (constraint file  /home/cameronbarrett/lab4_retry/lab4_retry.gen/sources_1/bd/design_1/ip/design_1_clk_wiz_1/design_1_clk_wiz_1/design_1_clk_wiz_1_in_context.xdc, line 4).
Applied set_property KEEP_HIERARCHY = SOFT for design_1_i. (constraint file  auto generated constraint).
Applied set_property KEEP_HIERARCHY = SOFT for design_1_i/jtag_axi_0. (constraint file  auto generated constraint).
Applied set_property KEEP_HIERARCHY = SOFT for design_1_i/ila_0. (constraint file  auto generated constraint).
Applied set_property KEEP_HIERARCHY = SOFT for design_1_i/clk_wiz. (constraint file  auto generated constraint).
Applied set_property KEEP_HIERARCHY = SOFT for design_1_i/rst_clk_wiz_100M. (constraint file  auto generated constraint).
Applied set_property KEEP_HIERARCHY = SOFT for design_1_i/reset_inv_0. (constraint file  auto generated constraint).
Applied set_property KEEP_HIERARCHY = SOFT for design_1_i/myspi_0. (constraint file  auto generated constraint).
---------------------------------------------------------------------------------
Finished applying 'set_property' XDC Constraints : Time (s): cpu = 00:00:12 ; elapsed = 00:00:13 . Memory (MB): peak = 3148.125 ; gain = 37.902 ; free physical = 4359 ; free virtual = 22276
---------------------------------------------------------------------------------
---------------------------------------------------------------------------------
Finished RTL Optimization Phase 2 : Time (s): cpu = 00:00:12 ; elapsed = 00:00:13 . Memory (MB): peak = 3148.125 ; gain = 37.902 ; free physical = 4361 ; free virtual = 22279
---------------------------------------------------------------------------------
---------------------------------------------------------------------------------
Start RTL Component Statistics 
---------------------------------------------------------------------------------
Detailed RTL Component Info : 
---------------------------------------------------------------------------------
Finished RTL Component Statistics 
---------------------------------------------------------------------------------
---------------------------------------------------------------------------------
Start Part Resource Summary
---------------------------------------------------------------------------------
Part Resources:
DSPs: 240 (col length:80)
BRAMs: 270 (col length: RAMB18 80 RAMB36 40)
---------------------------------------------------------------------------------
Finished Part Resource Summary
---------------------------------------------------------------------------------
---------------------------------------------------------------------------------
Start Cross Boundary and Area Optimization
---------------------------------------------------------------------------------
WARNING: [Synth 8-7080] Parallel synthesis criteria is not met
---------------------------------------------------------------------------------
Finished Cross Boundary and Area Optimization : Time (s): cpu = 00:00:13 ; elapsed = 00:00:14 . Memory (MB): peak = 3148.125 ; gain = 37.902 ; free physical = 4348 ; free virtual = 22270
---------------------------------------------------------------------------------
---------------------------------------------------------------------------------
Start Applying XDC Timing Constraints
---------------------------------------------------------------------------------
---------------------------------------------------------------------------------
Finished Applying XDC Timing Constraints : Time (s): cpu = 00:00:18 ; elapsed = 00:00:19 . Memory (MB): peak = 3148.125 ; gain = 37.902 ; free physical = 4231 ; free virtual = 22153
---------------------------------------------------------------------------------
---------------------------------------------------------------------------------
Start Timing Optimization
---------------------------------------------------------------------------------
---------------------------------------------------------------------------------
Finished Timing Optimization : Time (s): cpu = 00:00:18 ; elapsed = 00:00:19 . Memory (MB): peak = 3148.125 ; gain = 37.902 ; free physical = 4231 ; free virtual = 22153
---------------------------------------------------------------------------------
---------------------------------------------------------------------------------
Start Technology Mapping
---------------------------------------------------------------------------------
---------------------------------------------------------------------------------
Finished Technology Mapping : Time (s): cpu = 00:00:18 ; elapsed = 00:00:19 . Memory (MB): peak = 3148.125 ; gain = 37.902 ; free physical = 4231 ; free virtual = 22152
---------------------------------------------------------------------------------
---------------------------------------------------------------------------------
Start IO Insertion
---------------------------------------------------------------------------------
---------------------------------------------------------------------------------
Start Flattening Before IO Insertion
---------------------------------------------------------------------------------
---------------------------------------------------------------------------------
Finished Flattening Before IO Insertion
---------------------------------------------------------------------------------
---------------------------------------------------------------------------------
Start Final Netlist Cleanup
---------------------------------------------------------------------------------
---------------------------------------------------------------------------------
Finished Final Netlist Cleanup
---------------------------------------------------------------------------------
---------------------------------------------------------------------------------
Finished IO Insertion : Time (s): cpu = 00:00:22 ; elapsed = 00:00:23 . Memory (MB): peak = 3148.125 ; gain = 37.902 ; free physical = 4238 ; free virtual = 22159
---------------------------------------------------------------------------------
---------------------------------------------------------------------------------
Start Renaming Generated Instances
---------------------------------------------------------------------------------
---------------------------------------------------------------------------------
Finished Renaming Generated Instances : Time (s): cpu = 00:00:22 ; elapsed = 00:00:23 . Memory (MB): peak = 3148.125 ; gain = 37.902 ; free physical = 4238 ; free virtual = 22159
---------------------------------------------------------------------------------
---------------------------------------------------------------------------------
Start Rebuilding User Hierarchy
---------------------------------------------------------------------------------
---------------------------------------------------------------------------------
Finished Rebuilding User Hierarchy : Time (s): cpu = 00:00:22 ; elapsed = 00:00:23 . Memory (MB): peak = 3148.125 ; gain = 37.902 ; free physical = 4238 ; free virtual = 22159
---------------------------------------------------------------------------------
---------------------------------------------------------------------------------
Start Renaming Generated Ports
---------------------------------------------------------------------------------
---------------------------------------------------------------------------------
Finished Renaming Generated Ports : Time (s): cpu = 00:00:22 ; elapsed = 00:00:23 . Memory (MB): peak = 3148.125 ; gain = 37.902 ; free physical = 4238 ; free virtual = 22159
---------------------------------------------------------------------------------
---------------------------------------------------------------------------------
Start Handling Custom Attributes
---------------------------------------------------------------------------------
---------------------------------------------------------------------------------
Finished Handling Custom Attributes : Time (s): cpu = 00:00:22 ; elapsed = 00:00:23 . Memory (MB): peak = 3148.125 ; gain = 37.902 ; free physical = 4238 ; free virtual = 22159
---------------------------------------------------------------------------------
---------------------------------------------------------------------------------
Start Renaming Generated Nets
---------------------------------------------------------------------------------
---------------------------------------------------------------------------------
Finished Renaming Generated Nets : Time (s): cpu = 00:00:22 ; elapsed = 00:00:23 . Memory (MB): peak = 3148.125 ; gain = 37.902 ; free physical = 4238 ; free virtual = 22159
---------------------------------------------------------------------------------
---------------------------------------------------------------------------------
Start Writing Synthesis Report
---------------------------------------------------------------------------------

Report BlackBoxes: 
+------+----------------------------+----------+
|      |BlackBox name               |Instances |
+------+----------------------------+----------+
|1     |design_1_clk_wiz_1          |         1|
|2     |design_1_ila_0_0            |         1|
|3     |design_1_jtag_axi_0_1       |         1|
|4     |design_1_myspi_0_1          |         1|
|5     |design_1_reset_inv_0_1      |         1|
|6     |design_1_rst_clk_wiz_100M_1 |         1|
+------+----------------------------+----------+

Report Cell Usage: 
+------+--------------------------+------+
|      |Cell                      |Count |
+------+--------------------------+------+
|1     |design_1_clk_wiz          |     1|
|2     |design_1_ila_0            |     1|
|3     |design_1_jtag_axi_0       |     1|
|4     |design_1_myspi_0          |     1|
|5     |design_1_reset_inv_0      |     1|
|6     |design_1_rst_clk_wiz_100M |     1|
|7     |IBUF                      |     1|
+------+--------------------------+------+
---------------------------------------------------------------------------------
Finished Writing Synthesis Report : Time (s): cpu = 00:00:22 ; elapsed = 00:00:23 . Memory (MB): peak = 3148.125 ; gain = 37.902 ; free physical = 4238 ; free virtual = 22159
---------------------------------------------------------------------------------
Synthesis finished with 0 errors, 0 critical warnings and 1 warnings.
Synthesis Optimization Runtime : Time (s): cpu = 00:00:20 ; elapsed = 00:00:22 . Memory (MB): peak = 3148.125 ; gain = 0.000 ; free physical = 4287 ; free virtual = 22209
Synthesis Optimization Complete : Time (s): cpu = 00:00:22 ; elapsed = 00:00:23 . Memory (MB): peak = 3148.133 ; gain = 37.902 ; free physical = 4287 ; free virtual = 22209
INFO: [Project 1-571] Translating synthesized netlist
Netlist sorting complete. Time (s): cpu = 00:00:00 ; elapsed = 00:00:00 . Memory (MB): peak = 3148.133 ; gain = 0.000 ; free physical = 4281 ; free virtual = 22203
INFO: [Project 1-570] Preparing netlist for logic optimization
INFO: [Opt 31-138] Pushed 0 inverter(s) to 0 load pin(s).
Netlist sorting complete. Time (s): cpu = 00:00:00 ; elapsed = 00:00:00 . Memory (MB): peak = 3148.133 ; gain = 0.000 ; free physical = 4321 ; free virtual = 22243
INFO: [Project 1-111] Unisim Transformation Summary:
No Unisim elements were transformed.

Synth Design complete, checksum: ac8ab221
INFO: [Common 17-83] Releasing license: Synthesis
39 Infos, 8 Warnings, 0 Critical Warnings and 0 Errors encountered.
synth_design completed successfully
synth_design: Time (s): cpu = 00:00:31 ; elapsed = 00:00:28 . Memory (MB): peak = 3148.133 ; gain = 42.082 ; free physical = 4399 ; free virtual = 22321
INFO: [Common 17-1381] The checkpoint '/home/cameronbarrett/lab4_retry/lab4_retry.runs/synth_1/design_1_wrapper.dcp' has been generated.
INFO: [runtcl-4] Executing : report_utilization -file design_1_wrapper_utilization_synth.rpt -pb design_1_wrapper_utilization_synth.pb
INFO: [Common 17-206] Exiting Vivado at Mon May 19 10:28:21 2025...
